2026-03-07 01:19:38 : <!DOCTYPE html>
<html xmlns="http://www.w3.org/1999/xhtml">
<head>
    <title></title>
</head>
<body>
	<div style="margin-left:16px;">
		<h1>SkyNet Framework</h1> 
		<h2>BadRequest / RequestTimeout</h2>
		<div style="margin-top:30px;">
			<h4>Resource:&nbsp;WebScript - The response cannot be cleared, it has already started sending.</h4>
		</div>
    </div>
	<div style="padding-top: 20px; padding-left: 20px;">
		<input type="button" style="width:100px; height:28px" value="Refresh" onclick="location.reload()" />
    </div>
</body>
</html>

2026-03-07 01:19:38 : <!DOCTYPE html>
<html xmlns="http://www.w3.org/1999/xhtml">
<head>
    <title></title>
</head>
<body>
	<div style="margin-left:16px;">
		<h1>SkyNet Framework</h1> 
		<h2>BadRequest / RequestTimeout</h2>
		<div style="margin-top:30px;">
			<h4>Resource:&nbsp;WebStyle - The response cannot be cleared, it has already started sending.</h4>
		</div>
    </div>
	<div style="padding-top: 20px; padding-left: 20px;">
		<input type="button" style="width:100px; height:28px" value="Refresh" onclick="location.reload()" />
    </div>
</body>
</html>

2026-03-07 01:19:39 : <!DOCTYPE html>
<html xmlns="http://www.w3.org/1999/xhtml">
<head>
    <title></title>
</head>
<body>
	<div style="margin-left:16px;">
		<h1>SkyNet Framework</h1> 
		<h2>BadRequest / RequestTimeout</h2>
		<div style="margin-top:30px;">
			<h4>Resource:&nbsp;logo - The response cannot be cleared, it has already started sending.</h4>
		</div>
    </div>
	<div style="padding-top: 20px; padding-left: 20px;">
		<input type="button" style="width:100px; height:28px" value="Refresh" onclick="location.reload()" />
    </div>
</body>
</html>

2026-03-07 01:19:39 : <!DOCTYPE html>
<html xmlns="http://www.w3.org/1999/xhtml">
<head>
    <title></title>
</head>
<body>
	<div style="margin-left:16px;">
		<h1>SkyNet Framework</h1> 
		<h2>BadRequest / RequestTimeout</h2>
		<div style="margin-top:30px;">
			<h4>Resource:&nbsp;img_home - The response cannot be cleared, it has already started sending.</h4>
		</div>
    </div>
	<div style="padding-top: 20px; padding-left: 20px;">
		<input type="button" style="width:100px; height:28px" value="Refresh" onclick="location.reload()" />
    </div>
</body>
</html>

2026-03-07 01:19:39 : <!DOCTYPE html>
<html xmlns="http://www.w3.org/1999/xhtml">
<head>
    <title></title>
</head>
<body>
	<div style="margin-left:16px;">
		<h1>SkyNet Framework</h1> 
		<h2>BadRequest / RequestTimeout</h2>
		<div style="margin-top:30px;">
			<h4>Resource:&nbsp;img_fakeuser - The response cannot be cleared, it has already started sending.</h4>
		</div>
    </div>
	<div style="padding-top: 20px; padding-left: 20px;">
		<input type="button" style="width:100px; height:28px" value="Refresh" onclick="location.reload()" />
    </div>
</body>
</html>

2026-03-07 01:19:42 : <!DOCTYPE html>
<html xmlns="http://www.w3.org/1999/xhtml">
<head>
    <title></title>
</head>
<body>
	<div style="margin-left:16px;">
		<h1>SkyNet Framework</h1> 
		<h2>BadRequest / RequestTimeout</h2>
		<div style="margin-top:30px;">
			<h4>Resource:&nbsp;ani_wait - The response cannot be cleared, it has already started sending.</h4>
		</div>
    </div>
	<div style="padding-top: 20px; padding-left: 20px;">
		<input type="button" style="width:100px; height:28px" value="Refresh" onclick="location.reload()" />
    </div>
</body>
</html>

2026-03-07 01:19:43 : <!DOCTYPE html>
<html xmlns="http://www.w3.org/1999/xhtml">
<head>
    <title></title>
</head>
<body>
	<div style="margin-left:16px;">
		<h1>SkyNet Framework</h1> 
		<h2>BadRequest / RequestTimeout</h2>
		<div style="margin-top:30px;">
			<h4>Resource:&nbsp;WebScript - The response cannot be cleared, it has already started sending.</h4>
		</div>
    </div>
	<div style="padding-top: 20px; padding-left: 20px;">
		<input type="button" style="width:100px; height:28px" value="Refresh" onclick="location.reload()" />
    </div>
</body>
</html>

2026-03-07 01:19:43 : <!DOCTYPE html>
<html xmlns="http://www.w3.org/1999/xhtml">
<head>
    <title></title>
</head>
<body>
	<div style="margin-left:16px;">
		<h1>SkyNet Framework</h1> 
		<h2>BadRequest / RequestTimeout</h2>
		<div style="margin-top:30px;">
			<h4>Resource:&nbsp;WebStyle - The response cannot be cleared, it has already started sending.</h4>
		</div>
    </div>
	<div style="padding-top: 20px; padding-left: 20px;">
		<input type="button" style="width:100px; height:28px" value="Refresh" onclick="location.reload()" />
    </div>
</body>
</html>

2026-03-07 01:19:43 : <!DOCTYPE html>
<html xmlns="http://www.w3.org/1999/xhtml">
<head>
    <title></title>
</head>
<body>
	<div style="margin-left:16px;">
		<h1>SkyNet Framework</h1> 
		<h2>BadRequest / RequestTimeout</h2>
		<div style="margin-top:30px;">
			<h4>Resource:&nbsp;logo - The response cannot be cleared, it has already started sending.</h4>
		</div>
    </div>
	<div style="padding-top: 20px; padding-left: 20px;">
		<input type="button" style="width:100px; height:28px" value="Refresh" onclick="location.reload()" />
    </div>
</body>
</html>

2026-03-07 01:19:43 : <!DOCTYPE html>
<html xmlns="http://www.w3.org/1999/xhtml">
<head>
    <title></title>
</head>
<body>
	<div style="margin-left:16px;">
		<h1>SkyNet Framework</h1> 
		<h2>BadRequest / RequestTimeout</h2>
		<div style="margin-top:30px;">
			<h4>Resource:&nbsp;img_fakeuser - The response cannot be cleared, it has already started sending.</h4>
		</div>
    </div>
	<div style="padding-top: 20px; padding-left: 20px;">
		<input type="button" style="width:100px; height:28px" value="Refresh" onclick="location.reload()" />
    </div>
</body>
</html>

2026-03-07 01:19:43 : <!DOCTYPE html>
<html xmlns="http://www.w3.org/1999/xhtml">
<head>
    <title></title>
</head>
<body>
	<div style="margin-left:16px;">
		<h1>SkyNet Framework</h1> 
		<h2>BadRequest / RequestTimeout</h2>
		<div style="margin-top:30px;">
			<h4>Resource:&nbsp;ani_wait - The response cannot be cleared, it has already started sending.</h4>
		</div>
    </div>
	<div style="padding-top: 20px; padding-left: 20px;">
		<input type="button" style="width:100px; height:28px" value="Refresh" onclick="location.reload()" />
    </div>
</body>
</html>

2026-03-07 01:19:44 : <!DOCTYPE html>
<html xmlns="http://www.w3.org/1999/xhtml">
<head>
    <title></title>
</head>
<body>
	<div style="margin-left:16px;">
		<h1>SkyNet Framework</h1> 
		<h2>BadRequest / RequestTimeout</h2>
		<div style="margin-top:30px;">
			<h4>Resource:&nbsp;excel - The response cannot be cleared, it has already started sending.</h4>
		</div>
    </div>
	<div style="padding-top: 20px; padding-left: 20px;">
		<input type="button" style="width:100px; height:28px" value="Refresh" onclick="location.reload()" />
    </div>
</body>
</html>

2026-03-07 01:19:44 : <!DOCTYPE html>
<html xmlns="http://www.w3.org/1999/xhtml">
<head>
    <title></title>
</head>
<body>
	<div style="margin-left:16px;">
		<h1>SkyNet Framework</h1> 
		<h2>BadRequest / RequestTimeout</h2>
		<div style="margin-top:30px;">
			<h4>Resource:&nbsp;search - The response cannot be cleared, it has already started sending.</h4>
		</div>
    </div>
	<div style="padding-top: 20px; padding-left: 20px;">
		<input type="button" style="width:100px; height:28px" value="Refresh" onclick="location.reload()" />
    </div>
</body>
</html>

