2026-03-06 07:23:00 : <!DOCTYPE html>
<html xmlns="http://www.w3.org/1999/xhtml">
<head>
    <title></title>
</head>
<body>
	<div style="margin-left:16px;">
		<h1>SkyNet Framework</h1> 
		<h2>BadRequest / RequestTimeout</h2>
		<div style="margin-top:30px;">
			<h4>Resource:&nbsp;WebScript - The response cannot be cleared, it has already started sending.</h4>
		</div>
    </div>
	<div style="padding-top: 20px; padding-left: 20px;">
		<input type="button" style="width:100px; height:28px" value="Refresh" onclick="location.reload()" />
    </div>
</body>
</html>

2026-03-06 07:23:00 : <!DOCTYPE html>
<html xmlns="http://www.w3.org/1999/xhtml">
<head>
    <title></title>
</head>
<body>
	<div style="margin-left:16px;">
		<h1>SkyNet Framework</h1> 
		<h2>BadRequest / RequestTimeout</h2>
		<div style="margin-top:30px;">
			<h4>Resource:&nbsp;WebStyle - The response cannot be cleared, it has already started sending.</h4>
		</div>
    </div>
	<div style="padding-top: 20px; padding-left: 20px;">
		<input type="button" style="width:100px; height:28px" value="Refresh" onclick="location.reload()" />
    </div>
</body>
</html>

2026-03-06 07:23:01 : <!DOCTYPE html>
<html xmlns="http://www.w3.org/1999/xhtml">
<head>
    <title></title>
</head>
<body>
	<div style="margin-left:16px;">
		<h1>SkyNet Framework</h1> 
		<h2>BadRequest / RequestTimeout</h2>
		<div style="margin-top:30px;">
			<h4>Resource:&nbsp;img_fakeuser - The response cannot be cleared, it has already started sending.</h4>
		</div>
    </div>
	<div style="padding-top: 20px; padding-left: 20px;">
		<input type="button" style="width:100px; height:28px" value="Refresh" onclick="location.reload()" />
    </div>
</body>
</html>

2026-03-06 07:23:01 : <!DOCTYPE html>
<html xmlns="http://www.w3.org/1999/xhtml">
<head>
    <title></title>
</head>
<body>
	<div style="margin-left:16px;">
		<h1>SkyNet Framework</h1> 
		<h2>BadRequest / RequestTimeout</h2>
		<div style="margin-top:30px;">
			<h4>Resource:&nbsp;logo - The response cannot be cleared, it has already started sending.</h4>
		</div>
    </div>
	<div style="padding-top: 20px; padding-left: 20px;">
		<input type="button" style="width:100px; height:28px" value="Refresh" onclick="location.reload()" />
    </div>
</body>
</html>

2026-03-06 07:23:01 : <!DOCTYPE html>
<html xmlns="http://www.w3.org/1999/xhtml">
<head>
    <title></title>
</head>
<body>
	<div style="margin-left:16px;">
		<h1>SkyNet Framework</h1> 
		<h2>BadRequest / RequestTimeout</h2>
		<div style="margin-top:30px;">
			<h4>Resource:&nbsp;img_home - The response cannot be cleared, it has already started sending.</h4>
		</div>
    </div>
	<div style="padding-top: 20px; padding-left: 20px;">
		<input type="button" style="width:100px; height:28px" value="Refresh" onclick="location.reload()" />
    </div>
</body>
</html>

2026-03-06 07:23:05 : <!DOCTYPE html>
<html xmlns="http://www.w3.org/1999/xhtml">
<head>
    <title></title>
</head>
<body>
	<div style="margin-left:16px;">
		<h1>SkyNet Framework</h1> 
		<h2>BadRequest / RequestTimeout</h2>
		<div style="margin-top:30px;">
			<h4>Resource:&nbsp;ani_wait - The response cannot be cleared, it has already started sending.</h4>
		</div>
    </div>
	<div style="padding-top: 20px; padding-left: 20px;">
		<input type="button" style="width:100px; height:28px" value="Refresh" onclick="location.reload()" />
    </div>
</body>
</html>

2026-03-06 07:23:07 : <!DOCTYPE html>
<html xmlns="http://www.w3.org/1999/xhtml">
<head>
    <title></title>
</head>
<body>
	<div style="margin-left:16px;">
		<h1>SkyNet Framework</h1> 
		<h2>BadRequest / RequestTimeout</h2>
		<div style="margin-top:30px;">
			<h4>Resource:&nbsp;WebScript - The response cannot be cleared, it has already started sending.</h4>
		</div>
    </div>
	<div style="padding-top: 20px; padding-left: 20px;">
		<input type="button" style="width:100px; height:28px" value="Refresh" onclick="location.reload()" />
    </div>
</body>
</html>

2026-03-06 07:23:07 : <!DOCTYPE html>
<html xmlns="http://www.w3.org/1999/xhtml">
<head>
    <title></title>
</head>
<body>
	<div style="margin-left:16px;">
		<h1>SkyNet Framework</h1> 
		<h2>BadRequest / RequestTimeout</h2>
		<div style="margin-top:30px;">
			<h4>Resource:&nbsp;WebStyle - The response cannot be cleared, it has already started sending.</h4>
		</div>
    </div>
	<div style="padding-top: 20px; padding-left: 20px;">
		<input type="button" style="width:100px; height:28px" value="Refresh" onclick="location.reload()" />
    </div>
</body>
</html>

2026-03-06 07:23:07 : <!DOCTYPE html>
<html xmlns="http://www.w3.org/1999/xhtml">
<head>
    <title></title>
</head>
<body>
	<div style="margin-left:16px;">
		<h1>SkyNet Framework</h1> 
		<h2>BadRequest / RequestTimeout</h2>
		<div style="margin-top:30px;">
			<h4>Resource:&nbsp;logo - The response cannot be cleared, it has already started sending.</h4>
		</div>
    </div>
	<div style="padding-top: 20px; padding-left: 20px;">
		<input type="button" style="width:100px; height:28px" value="Refresh" onclick="location.reload()" />
    </div>
</body>
</html>

2026-03-06 07:23:07 : <!DOCTYPE html>
<html xmlns="http://www.w3.org/1999/xhtml">
<head>
    <title></title>
</head>
<body>
	<div style="margin-left:16px;">
		<h1>SkyNet Framework</h1> 
		<h2>BadRequest / RequestTimeout</h2>
		<div style="margin-top:30px;">
			<h4>Resource:&nbsp;img_fakeuser - The response cannot be cleared, it has already started sending.</h4>
		</div>
    </div>
	<div style="padding-top: 20px; padding-left: 20px;">
		<input type="button" style="width:100px; height:28px" value="Refresh" onclick="location.reload()" />
    </div>
</body>
</html>

2026-03-06 07:23:07 : <!DOCTYPE html>
<html xmlns="http://www.w3.org/1999/xhtml">
<head>
    <title></title>
</head>
<body>
	<div style="margin-left:16px;">
		<h1>SkyNet Framework</h1> 
		<h2>BadRequest / RequestTimeout</h2>
		<div style="margin-top:30px;">
			<h4>Resource:&nbsp;changephoto - The response cannot be cleared, it has already started sending.</h4>
		</div>
    </div>
	<div style="padding-top: 20px; padding-left: 20px;">
		<input type="button" style="width:100px; height:28px" value="Refresh" onclick="location.reload()" />
    </div>
</body>
</html>

2026-03-06 07:23:13 : <!DOCTYPE html>
<html xmlns="http://www.w3.org/1999/xhtml">
<head>
    <title></title>
</head>
<body>
	<div style="margin-left:16px;">
		<h1>SkyNet Framework</h1> 
		<h2>BadRequest / RequestTimeout</h2>
		<div style="margin-top:30px;">
			<h4>Resource:&nbsp;WebScript - The response cannot be cleared, it has already started sending.</h4>
		</div>
    </div>
	<div style="padding-top: 20px; padding-left: 20px;">
		<input type="button" style="width:100px; height:28px" value="Refresh" onclick="location.reload()" />
    </div>
</body>
</html>

2026-03-06 07:23:14 : <!DOCTYPE html>
<html xmlns="http://www.w3.org/1999/xhtml">
<head>
    <title></title>
</head>
<body>
	<div style="margin-left:16px;">
		<h1>SkyNet Framework</h1> 
		<h2>BadRequest / RequestTimeout</h2>
		<div style="margin-top:30px;">
			<h4>Resource:&nbsp;WebStyle - The response cannot be cleared, it has already started sending.</h4>
		</div>
    </div>
	<div style="padding-top: 20px; padding-left: 20px;">
		<input type="button" style="width:100px; height:28px" value="Refresh" onclick="location.reload()" />
    </div>
</body>
</html>

2026-03-06 07:23:14 : <!DOCTYPE html>
<html xmlns="http://www.w3.org/1999/xhtml">
<head>
    <title></title>
</head>
<body>
	<div style="margin-left:16px;">
		<h1>SkyNet Framework</h1> 
		<h2>BadRequest / RequestTimeout</h2>
		<div style="margin-top:30px;">
			<h4>Resource:&nbsp;logo - The response cannot be cleared, it has already started sending.</h4>
		</div>
    </div>
	<div style="padding-top: 20px; padding-left: 20px;">
		<input type="button" style="width:100px; height:28px" value="Refresh" onclick="location.reload()" />
    </div>
</body>
</html>

2026-03-06 07:23:14 : <!DOCTYPE html>
<html xmlns="http://www.w3.org/1999/xhtml">
<head>
    <title></title>
</head>
<body>
	<div style="margin-left:16px;">
		<h1>SkyNet Framework</h1> 
		<h2>BadRequest / RequestTimeout</h2>
		<div style="margin-top:30px;">
			<h4>Resource:&nbsp;img_fakeuser - The response cannot be cleared, it has already started sending.</h4>
		</div>
    </div>
	<div style="padding-top: 20px; padding-left: 20px;">
		<input type="button" style="width:100px; height:28px" value="Refresh" onclick="location.reload()" />
    </div>
</body>
</html>

2026-03-06 07:23:14 : <!DOCTYPE html>
<html xmlns="http://www.w3.org/1999/xhtml">
<head>
    <title></title>
</head>
<body>
	<div style="margin-left:16px;">
		<h1>SkyNet Framework</h1> 
		<h2>BadRequest / RequestTimeout</h2>
		<div style="margin-top:30px;">
			<h4>Resource:&nbsp;img_home - The response cannot be cleared, it has already started sending.</h4>
		</div>
    </div>
	<div style="padding-top: 20px; padding-left: 20px;">
		<input type="button" style="width:100px; height:28px" value="Refresh" onclick="location.reload()" />
    </div>
</body>
</html>

2026-03-06 07:23:24 : <!DOCTYPE html>
<html xmlns="http://www.w3.org/1999/xhtml">
<head>
    <title></title>
</head>
<body>
	<div style="margin-left:16px;">
		<h1>SkyNet Framework</h1> 
		<h2>BadRequest / RequestTimeout</h2>
		<div style="margin-top:30px;">
			<h4>Resource:&nbsp;ani_wait - The response cannot be cleared, it has already started sending.</h4>
		</div>
    </div>
	<div style="padding-top: 20px; padding-left: 20px;">
		<input type="button" style="width:100px; height:28px" value="Refresh" onclick="location.reload()" />
    </div>
</body>
</html>

2026-03-06 07:23:24 : <!DOCTYPE html>
<html xmlns="http://www.w3.org/1999/xhtml">
<head>
    <title></title>
</head>
<body>
	<div style="margin-left:16px;">
		<h1>SkyNet Framework</h1> 
		<h2>BadRequest / RequestTimeout</h2>
		<div style="margin-top:30px;">
			<h4>Resource:&nbsp;WebScript - The response cannot be cleared, it has already started sending.</h4>
		</div>
    </div>
	<div style="padding-top: 20px; padding-left: 20px;">
		<input type="button" style="width:100px; height:28px" value="Refresh" onclick="location.reload()" />
    </div>
</body>
</html>

2026-03-06 07:23:25 : <!DOCTYPE html>
<html xmlns="http://www.w3.org/1999/xhtml">
<head>
    <title></title>
</head>
<body>
	<div style="margin-left:16px;">
		<h1>SkyNet Framework</h1> 
		<h2>BadRequest / RequestTimeout</h2>
		<div style="margin-top:30px;">
			<h4>Resource:&nbsp;WebStyle - The response cannot be cleared, it has already started sending.</h4>
		</div>
    </div>
	<div style="padding-top: 20px; padding-left: 20px;">
		<input type="button" style="width:100px; height:28px" value="Refresh" onclick="location.reload()" />
    </div>
</body>
</html>

2026-03-06 07:23:25 : <!DOCTYPE html>
<html xmlns="http://www.w3.org/1999/xhtml">
<head>
    <title></title>
</head>
<body>
	<div style="margin-left:16px;">
		<h1>SkyNet Framework</h1> 
		<h2>BadRequest / RequestTimeout</h2>
		<div style="margin-top:30px;">
			<h4>Resource:&nbsp;logo - The response cannot be cleared, it has already started sending.</h4>
		</div>
    </div>
	<div style="padding-top: 20px; padding-left: 20px;">
		<input type="button" style="width:100px; height:28px" value="Refresh" onclick="location.reload()" />
    </div>
</body>
</html>

2026-03-06 07:23:25 : <!DOCTYPE html>
<html xmlns="http://www.w3.org/1999/xhtml">
<head>
    <title></title>
</head>
<body>
	<div style="margin-left:16px;">
		<h1>SkyNet Framework</h1> 
		<h2>BadRequest / RequestTimeout</h2>
		<div style="margin-top:30px;">
			<h4>Resource:&nbsp;img_fakeuser - The response cannot be cleared, it has already started sending.</h4>
		</div>
    </div>
	<div style="padding-top: 20px; padding-left: 20px;">
		<input type="button" style="width:100px; height:28px" value="Refresh" onclick="location.reload()" />
    </div>
</body>
</html>

2026-03-06 07:23:25 : <!DOCTYPE html>
<html xmlns="http://www.w3.org/1999/xhtml">
<head>
    <title></title>
</head>
<body>
	<div style="margin-left:16px;">
		<h1>SkyNet Framework</h1> 
		<h2>BadRequest / RequestTimeout</h2>
		<div style="margin-top:30px;">
			<h4>Resource:&nbsp;ani_wait - The response cannot be cleared, it has already started sending.</h4>
		</div>
    </div>
	<div style="padding-top: 20px; padding-left: 20px;">
		<input type="button" style="width:100px; height:28px" value="Refresh" onclick="location.reload()" />
    </div>
</body>
</html>

2026-03-06 07:23:26 : <!DOCTYPE html>
<html xmlns="http://www.w3.org/1999/xhtml">
<head>
    <title></title>
</head>
<body>
	<div style="margin-left:16px;">
		<h1>SkyNet Framework</h1> 
		<h2>BadRequest / RequestTimeout</h2>
		<div style="margin-top:30px;">
			<h4>Resource:&nbsp;excel - The response cannot be cleared, it has already started sending.</h4>
		</div>
    </div>
	<div style="padding-top: 20px; padding-left: 20px;">
		<input type="button" style="width:100px; height:28px" value="Refresh" onclick="location.reload()" />
    </div>
</body>
</html>

2026-03-06 07:23:26 : <!DOCTYPE html>
<html xmlns="http://www.w3.org/1999/xhtml">
<head>
    <title></title>
</head>
<body>
	<div style="margin-left:16px;">
		<h1>SkyNet Framework</h1> 
		<h2>BadRequest / RequestTimeout</h2>
		<div style="margin-top:30px;">
			<h4>Resource:&nbsp;search - The response cannot be cleared, it has already started sending.</h4>
		</div>
    </div>
	<div style="padding-top: 20px; padding-left: 20px;">
		<input type="button" style="width:100px; height:28px" value="Refresh" onclick="location.reload()" />
    </div>
</body>
</html>

2026-03-06 07:23:30 : <!DOCTYPE html>
<html xmlns="http://www.w3.org/1999/xhtml">
<head>
    <title></title>
</head>
<body>
	<div style="margin-left:16px;">
		<h1>SkyNet Framework</h1> 
		<h2>BadRequest / RequestTimeout</h2>
		<div style="margin-top:30px;">
			<h4>Resource:&nbsp;WebScript - The response cannot be cleared, it has already started sending.</h4>
		</div>
    </div>
	<div style="padding-top: 20px; padding-left: 20px;">
		<input type="button" style="width:100px; height:28px" value="Refresh" onclick="location.reload()" />
    </div>
</body>
</html>

2026-03-06 07:23:30 : <!DOCTYPE html>
<html xmlns="http://www.w3.org/1999/xhtml">
<head>
    <title></title>
</head>
<body>
	<div style="margin-left:16px;">
		<h1>SkyNet Framework</h1> 
		<h2>BadRequest / RequestTimeout</h2>
		<div style="margin-top:30px;">
			<h4>Resource:&nbsp;WebStyle - The response cannot be cleared, it has already started sending.</h4>
		</div>
    </div>
	<div style="padding-top: 20px; padding-left: 20px;">
		<input type="button" style="width:100px; height:28px" value="Refresh" onclick="location.reload()" />
    </div>
</body>
</html>

2026-03-06 07:23:30 : <!DOCTYPE html>
<html xmlns="http://www.w3.org/1999/xhtml">
<head>
    <title></title>
</head>
<body>
	<div style="margin-left:16px;">
		<h1>SkyNet Framework</h1> 
		<h2>BadRequest / RequestTimeout</h2>
		<div style="margin-top:30px;">
			<h4>Resource:&nbsp;img_fakeuser - The response cannot be cleared, it has already started sending.</h4>
		</div>
    </div>
	<div style="padding-top: 20px; padding-left: 20px;">
		<input type="button" style="width:100px; height:28px" value="Refresh" onclick="location.reload()" />
    </div>
</body>
</html>

2026-03-06 07:23:30 : <!DOCTYPE html>
<html xmlns="http://www.w3.org/1999/xhtml">
<head>
    <title></title>
</head>
<body>
	<div style="margin-left:16px;">
		<h1>SkyNet Framework</h1> 
		<h2>BadRequest / RequestTimeout</h2>
		<div style="margin-top:30px;">
			<h4>Resource:&nbsp;logo - The response cannot be cleared, it has already started sending.</h4>
		</div>
    </div>
	<div style="padding-top: 20px; padding-left: 20px;">
		<input type="button" style="width:100px; height:28px" value="Refresh" onclick="location.reload()" />
    </div>
</body>
</html>

2026-03-06 07:23:30 : <!DOCTYPE html>
<html xmlns="http://www.w3.org/1999/xhtml">
<head>
    <title></title>
</head>
<body>
	<div style="margin-left:16px;">
		<h1>SkyNet Framework</h1> 
		<h2>BadRequest / RequestTimeout</h2>
		<div style="margin-top:30px;">
			<h4>Resource:&nbsp;img_home - The response cannot be cleared, it has already started sending.</h4>
		</div>
    </div>
	<div style="padding-top: 20px; padding-left: 20px;">
		<input type="button" style="width:100px; height:28px" value="Refresh" onclick="location.reload()" />
    </div>
</body>
</html>

2026-03-06 07:23:43 : <!DOCTYPE html>
<html xmlns="http://www.w3.org/1999/xhtml">
<head>
    <title></title>
</head>
<body>
	<div style="margin-left:16px;">
		<h1>SkyNet Framework</h1> 
		<h2>BadRequest / RequestTimeout</h2>
		<div style="margin-top:30px;">
			<h4>Resource:&nbsp;ani_wait - The response cannot be cleared, it has already started sending.</h4>
		</div>
    </div>
	<div style="padding-top: 20px; padding-left: 20px;">
		<input type="button" style="width:100px; height:28px" value="Refresh" onclick="location.reload()" />
    </div>
</body>
</html>

2026-03-06 07:23:43 : <!DOCTYPE html>
<html xmlns="http://www.w3.org/1999/xhtml">
<head>
    <title></title>
</head>
<body>
	<div style="margin-left:16px;">
		<h1>SkyNet Framework</h1> 
		<h2>BadRequest / RequestTimeout</h2>
		<div style="margin-top:30px;">
			<h4>Resource:&nbsp;WebScript - The response cannot be cleared, it has already started sending.</h4>
		</div>
    </div>
	<div style="padding-top: 20px; padding-left: 20px;">
		<input type="button" style="width:100px; height:28px" value="Refresh" onclick="location.reload()" />
    </div>
</body>
</html>

2026-03-06 07:23:44 : <!DOCTYPE html>
<html xmlns="http://www.w3.org/1999/xhtml">
<head>
    <title></title>
</head>
<body>
	<div style="margin-left:16px;">
		<h1>SkyNet Framework</h1> 
		<h2>BadRequest / RequestTimeout</h2>
		<div style="margin-top:30px;">
			<h4>Resource:&nbsp;WebStyle - The response cannot be cleared, it has already started sending.</h4>
		</div>
    </div>
	<div style="padding-top: 20px; padding-left: 20px;">
		<input type="button" style="width:100px; height:28px" value="Refresh" onclick="location.reload()" />
    </div>
</body>
</html>

2026-03-06 07:23:44 : <!DOCTYPE html>
<html xmlns="http://www.w3.org/1999/xhtml">
<head>
    <title></title>
</head>
<body>
	<div style="margin-left:16px;">
		<h1>SkyNet Framework</h1> 
		<h2>BadRequest / RequestTimeout</h2>
		<div style="margin-top:30px;">
			<h4>Resource:&nbsp;logo - The response cannot be cleared, it has already started sending.</h4>
		</div>
    </div>
	<div style="padding-top: 20px; padding-left: 20px;">
		<input type="button" style="width:100px; height:28px" value="Refresh" onclick="location.reload()" />
    </div>
</body>
</html>

2026-03-06 07:23:44 : <!DOCTYPE html>
<html xmlns="http://www.w3.org/1999/xhtml">
<head>
    <title></title>
</head>
<body>
	<div style="margin-left:16px;">
		<h1>SkyNet Framework</h1> 
		<h2>BadRequest / RequestTimeout</h2>
		<div style="margin-top:30px;">
			<h4>Resource:&nbsp;img_fakeuser - The response cannot be cleared, it has already started sending.</h4>
		</div>
    </div>
	<div style="padding-top: 20px; padding-left: 20px;">
		<input type="button" style="width:100px; height:28px" value="Refresh" onclick="location.reload()" />
    </div>
</body>
</html>

2026-03-06 07:23:47 : <!DOCTYPE html>
<html xmlns="http://www.w3.org/1999/xhtml">
<head>
    <title></title>
</head>
<body>
	<div style="margin-left:16px;">
		<h1>SkyNet Framework</h1> 
		<h2>BadRequest / RequestTimeout</h2>
		<div style="margin-top:30px;">
			<h4>Resource:&nbsp;WebScript - The response cannot be cleared, it has already started sending.</h4>
		</div>
    </div>
	<div style="padding-top: 20px; padding-left: 20px;">
		<input type="button" style="width:100px; height:28px" value="Refresh" onclick="location.reload()" />
    </div>
</body>
</html>

2026-03-06 07:23:47 : <!DOCTYPE html>
<html xmlns="http://www.w3.org/1999/xhtml">
<head>
    <title></title>
</head>
<body>
	<div style="margin-left:16px;">
		<h1>SkyNet Framework</h1> 
		<h2>BadRequest / RequestTimeout</h2>
		<div style="margin-top:30px;">
			<h4>Resource:&nbsp;WebStyle - The response cannot be cleared, it has already started sending.</h4>
		</div>
    </div>
	<div style="padding-top: 20px; padding-left: 20px;">
		<input type="button" style="width:100px; height:28px" value="Refresh" onclick="location.reload()" />
    </div>
</body>
</html>

2026-03-06 07:23:47 : <!DOCTYPE html>
<html xmlns="http://www.w3.org/1999/xhtml">
<head>
    <title></title>
</head>
<body>
	<div style="margin-left:16px;">
		<h1>SkyNet Framework</h1> 
		<h2>BadRequest / RequestTimeout</h2>
		<div style="margin-top:30px;">
			<h4>Resource:&nbsp;img_fakeuser - The response cannot be cleared, it has already started sending.</h4>
		</div>
    </div>
	<div style="padding-top: 20px; padding-left: 20px;">
		<input type="button" style="width:100px; height:28px" value="Refresh" onclick="location.reload()" />
    </div>
</body>
</html>

2026-03-06 07:23:47 : <!DOCTYPE html>
<html xmlns="http://www.w3.org/1999/xhtml">
<head>
    <title></title>
</head>
<body>
	<div style="margin-left:16px;">
		<h1>SkyNet Framework</h1> 
		<h2>BadRequest / RequestTimeout</h2>
		<div style="margin-top:30px;">
			<h4>Resource:&nbsp;logo - The response cannot be cleared, it has already started sending.</h4>
		</div>
    </div>
	<div style="padding-top: 20px; padding-left: 20px;">
		<input type="button" style="width:100px; height:28px" value="Refresh" onclick="location.reload()" />
    </div>
</body>
</html>

2026-03-06 07:23:47 : <!DOCTYPE html>
<html xmlns="http://www.w3.org/1999/xhtml">
<head>
    <title></title>
</head>
<body>
	<div style="margin-left:16px;">
		<h1>SkyNet Framework</h1> 
		<h2>BadRequest / RequestTimeout</h2>
		<div style="margin-top:30px;">
			<h4>Resource:&nbsp;img_home - The response cannot be cleared, it has already started sending.</h4>
		</div>
    </div>
	<div style="padding-top: 20px; padding-left: 20px;">
		<input type="button" style="width:100px; height:28px" value="Refresh" onclick="location.reload()" />
    </div>
</body>
</html>

2026-03-06 16:38:58 : <!DOCTYPE html>
<html xmlns="http://www.w3.org/1999/xhtml">
<head>
    <title></title>
</head>
<body>
	<div style="margin-left:16px;">
		<h1>SkyNet Framework</h1> 
		<h2>BadRequest / RequestTimeout</h2>
		<div style="margin-top:30px;">
			<h4>Resource:&nbsp;WebScript - The response cannot be cleared, it has already started sending.</h4>
		</div>
    </div>
	<div style="padding-top: 20px; padding-left: 20px;">
		<input type="button" style="width:100px; height:28px" value="Refresh" onclick="location.reload()" />
    </div>
</body>
</html>

2026-03-06 16:38:58 : <!DOCTYPE html>
<html xmlns="http://www.w3.org/1999/xhtml">
<head>
    <title></title>
</head>
<body>
	<div style="margin-left:16px;">
		<h1>SkyNet Framework</h1> 
		<h2>BadRequest / RequestTimeout</h2>
		<div style="margin-top:30px;">
			<h4>Resource:&nbsp;WebStyle - The response cannot be cleared, it has already started sending.</h4>
		</div>
    </div>
	<div style="padding-top: 20px; padding-left: 20px;">
		<input type="button" style="width:100px; height:28px" value="Refresh" onclick="location.reload()" />
    </div>
</body>
</html>

2026-03-06 16:38:58 : <!DOCTYPE html>
<html xmlns="http://www.w3.org/1999/xhtml">
<head>
    <title></title>
</head>
<body>
	<div style="margin-left:16px;">
		<h1>SkyNet Framework</h1> 
		<h2>BadRequest / RequestTimeout</h2>
		<div style="margin-top:30px;">
			<h4>Resource:&nbsp;img_fakeuser - The response cannot be cleared, it has already started sending.</h4>
		</div>
    </div>
	<div style="padding-top: 20px; padding-left: 20px;">
		<input type="button" style="width:100px; height:28px" value="Refresh" onclick="location.reload()" />
    </div>
</body>
</html>

2026-03-06 16:38:58 : <!DOCTYPE html>
<html xmlns="http://www.w3.org/1999/xhtml">
<head>
    <title></title>
</head>
<body>
	<div style="margin-left:16px;">
		<h1>SkyNet Framework</h1> 
		<h2>BadRequest / RequestTimeout</h2>
		<div style="margin-top:30px;">
			<h4>Resource:&nbsp;logo - The response cannot be cleared, it has already started sending.</h4>
		</div>
    </div>
	<div style="padding-top: 20px; padding-left: 20px;">
		<input type="button" style="width:100px; height:28px" value="Refresh" onclick="location.reload()" />
    </div>
</body>
</html>

2026-03-06 16:38:59 : <!DOCTYPE html>
<html xmlns="http://www.w3.org/1999/xhtml">
<head>
    <title></title>
</head>
<body>
	<div style="margin-left:16px;">
		<h1>SkyNet Framework</h1> 
		<h2>BadRequest / RequestTimeout</h2>
		<div style="margin-top:30px;">
			<h4>Resource:&nbsp;img_home - The response cannot be cleared, it has already started sending.</h4>
		</div>
    </div>
	<div style="padding-top: 20px; padding-left: 20px;">
		<input type="button" style="width:100px; height:28px" value="Refresh" onclick="location.reload()" />
    </div>
</body>
</html>

2026-03-06 16:39:01 : <!DOCTYPE html>
<html xmlns="http://www.w3.org/1999/xhtml">
<head>
    <title></title>
</head>
<body>
	<div style="margin-left:16px;">
		<h1>SkyNet Framework</h1> 
		<h2>BadRequest / RequestTimeout</h2>
		<div style="margin-top:30px;">
			<h4>Resource:&nbsp;ani_wait - The response cannot be cleared, it has already started sending.</h4>
		</div>
    </div>
	<div style="padding-top: 20px; padding-left: 20px;">
		<input type="button" style="width:100px; height:28px" value="Refresh" onclick="location.reload()" />
    </div>
</body>
</html>

2026-03-06 16:39:02 : <!DOCTYPE html>
<html xmlns="http://www.w3.org/1999/xhtml">
<head>
    <title></title>
</head>
<body>
	<div style="margin-left:16px;">
		<h1>SkyNet Framework</h1> 
		<h2>BadRequest / RequestTimeout</h2>
		<div style="margin-top:30px;">
			<h4>Resource:&nbsp;WebScript - The response cannot be cleared, it has already started sending.</h4>
		</div>
    </div>
	<div style="padding-top: 20px; padding-left: 20px;">
		<input type="button" style="width:100px; height:28px" value="Refresh" onclick="location.reload()" />
    </div>
</body>
</html>

2026-03-06 16:39:02 : <!DOCTYPE html>
<html xmlns="http://www.w3.org/1999/xhtml">
<head>
    <title></title>
</head>
<body>
	<div style="margin-left:16px;">
		<h1>SkyNet Framework</h1> 
		<h2>BadRequest / RequestTimeout</h2>
		<div style="margin-top:30px;">
			<h4>Resource:&nbsp;WebStyle - The response cannot be cleared, it has already started sending.</h4>
		</div>
    </div>
	<div style="padding-top: 20px; padding-left: 20px;">
		<input type="button" style="width:100px; height:28px" value="Refresh" onclick="location.reload()" />
    </div>
</body>
</html>

2026-03-06 16:39:02 : <!DOCTYPE html>
<html xmlns="http://www.w3.org/1999/xhtml">
<head>
    <title></title>
</head>
<body>
	<div style="margin-left:16px;">
		<h1>SkyNet Framework</h1> 
		<h2>BadRequest / RequestTimeout</h2>
		<div style="margin-top:30px;">
			<h4>Resource:&nbsp;logo - The response cannot be cleared, it has already started sending.</h4>
		</div>
    </div>
	<div style="padding-top: 20px; padding-left: 20px;">
		<input type="button" style="width:100px; height:28px" value="Refresh" onclick="location.reload()" />
    </div>
</body>
</html>

2026-03-06 16:39:02 : <!DOCTYPE html>
<html xmlns="http://www.w3.org/1999/xhtml">
<head>
    <title></title>
</head>
<body>
	<div style="margin-left:16px;">
		<h1>SkyNet Framework</h1> 
		<h2>BadRequest / RequestTimeout</h2>
		<div style="margin-top:30px;">
			<h4>Resource:&nbsp;img_fakeuser - The response cannot be cleared, it has already started sending.</h4>
		</div>
    </div>
	<div style="padding-top: 20px; padding-left: 20px;">
		<input type="button" style="width:100px; height:28px" value="Refresh" onclick="location.reload()" />
    </div>
</body>
</html>

2026-03-06 16:39:02 : <!DOCTYPE html>
<html xmlns="http://www.w3.org/1999/xhtml">
<head>
    <title></title>
</head>
<body>
	<div style="margin-left:16px;">
		<h1>SkyNet Framework</h1> 
		<h2>BadRequest / RequestTimeout</h2>
		<div style="margin-top:30px;">
			<h4>Resource:&nbsp;ani_wait - The response cannot be cleared, it has already started sending.</h4>
		</div>
    </div>
	<div style="padding-top: 20px; padding-left: 20px;">
		<input type="button" style="width:100px; height:28px" value="Refresh" onclick="location.reload()" />
    </div>
</body>
</html>

2026-03-06 16:39:03 : <!DOCTYPE html>
<html xmlns="http://www.w3.org/1999/xhtml">
<head>
    <title></title>
</head>
<body>
	<div style="margin-left:16px;">
		<h1>SkyNet Framework</h1> 
		<h2>BadRequest / RequestTimeout</h2>
		<div style="margin-top:30px;">
			<h4>Resource:&nbsp;search - The response cannot be cleared, it has already started sending.</h4>
		</div>
    </div>
	<div style="padding-top: 20px; padding-left: 20px;">
		<input type="button" style="width:100px; height:28px" value="Refresh" onclick="location.reload()" />
    </div>
</body>
</html>

2026-03-06 16:39:04 : <!DOCTYPE html>
<html xmlns="http://www.w3.org/1999/xhtml">
<head>
    <title></title>
</head>
<body>
	<div style="margin-left:16px;">
		<h1>SkyNet Framework</h1> 
		<h2>BadRequest / RequestTimeout</h2>
		<div style="margin-top:30px;">
			<h4>Resource:&nbsp;WebScript - The response cannot be cleared, it has already started sending.</h4>
		</div>
    </div>
	<div style="padding-top: 20px; padding-left: 20px;">
		<input type="button" style="width:100px; height:28px" value="Refresh" onclick="location.reload()" />
    </div>
</body>
</html>

2026-03-06 16:39:05 : <!DOCTYPE html>
<html xmlns="http://www.w3.org/1999/xhtml">
<head>
    <title></title>
</head>
<body>
	<div style="margin-left:16px;">
		<h1>SkyNet Framework</h1> 
		<h2>BadRequest / RequestTimeout</h2>
		<div style="margin-top:30px;">
			<h4>Resource:&nbsp;WebStyle - The response cannot be cleared, it has already started sending.</h4>
		</div>
    </div>
	<div style="padding-top: 20px; padding-left: 20px;">
		<input type="button" style="width:100px; height:28px" value="Refresh" onclick="location.reload()" />
    </div>
</body>
</html>

2026-03-06 16:39:05 : <!DOCTYPE html>
<html xmlns="http://www.w3.org/1999/xhtml">
<head>
    <title></title>
</head>
<body>
	<div style="margin-left:16px;">
		<h1>SkyNet Framework</h1> 
		<h2>BadRequest / RequestTimeout</h2>
		<div style="margin-top:30px;">
			<h4>Resource:&nbsp;logo - The response cannot be cleared, it has already started sending.</h4>
		</div>
    </div>
	<div style="padding-top: 20px; padding-left: 20px;">
		<input type="button" style="width:100px; height:28px" value="Refresh" onclick="location.reload()" />
    </div>
</body>
</html>

2026-03-06 16:39:05 : <!DOCTYPE html>
<html xmlns="http://www.w3.org/1999/xhtml">
<head>
    <title></title>
</head>
<body>
	<div style="margin-left:16px;">
		<h1>SkyNet Framework</h1> 
		<h2>BadRequest / RequestTimeout</h2>
		<div style="margin-top:30px;">
			<h4>Resource:&nbsp;img_fakeuser - The response cannot be cleared, it has already started sending.</h4>
		</div>
    </div>
	<div style="padding-top: 20px; padding-left: 20px;">
		<input type="button" style="width:100px; height:28px" value="Refresh" onclick="location.reload()" />
    </div>
</body>
</html>

2026-03-06 16:39:05 : <!DOCTYPE html>
<html xmlns="http://www.w3.org/1999/xhtml">
<head>
    <title></title>
</head>
<body>
	<div style="margin-left:16px;">
		<h1>SkyNet Framework</h1> 
		<h2>BadRequest / RequestTimeout</h2>
		<div style="margin-top:30px;">
			<h4>Resource:&nbsp;img_home - The response cannot be cleared, it has already started sending.</h4>
		</div>
    </div>
	<div style="padding-top: 20px; padding-left: 20px;">
		<input type="button" style="width:100px; height:28px" value="Refresh" onclick="location.reload()" />
    </div>
</body>
</html>

2026-03-06 16:39:07 : <!DOCTYPE html>
<html xmlns="http://www.w3.org/1999/xhtml">
<head>
    <title></title>
</head>
<body>
	<div style="margin-left:16px;">
		<h1>SkyNet Framework</h1> 
		<h2>BadRequest / RequestTimeout</h2>
		<div style="margin-top:30px;">
			<h4>Resource:&nbsp;ani_wait - The response cannot be cleared, it has already started sending.</h4>
		</div>
    </div>
	<div style="padding-top: 20px; padding-left: 20px;">
		<input type="button" style="width:100px; height:28px" value="Refresh" onclick="location.reload()" />
    </div>
</body>
</html>

2026-03-06 16:39:08 : <!DOCTYPE html>
<html xmlns="http://www.w3.org/1999/xhtml">
<head>
    <title></title>
</head>
<body>
	<div style="margin-left:16px;">
		<h1>SkyNet Framework</h1> 
		<h2>BadRequest / RequestTimeout</h2>
		<div style="margin-top:30px;">
			<h4>Resource:&nbsp;WebScript - The response cannot be cleared, it has already started sending.</h4>
		</div>
    </div>
	<div style="padding-top: 20px; padding-left: 20px;">
		<input type="button" style="width:100px; height:28px" value="Refresh" onclick="location.reload()" />
    </div>
</body>
</html>

2026-03-06 16:39:08 : <!DOCTYPE html>
<html xmlns="http://www.w3.org/1999/xhtml">
<head>
    <title></title>
</head>
<body>
	<div style="margin-left:16px;">
		<h1>SkyNet Framework</h1> 
		<h2>BadRequest / RequestTimeout</h2>
		<div style="margin-top:30px;">
			<h4>Resource:&nbsp;WebStyle - The response cannot be cleared, it has already started sending.</h4>
		</div>
    </div>
	<div style="padding-top: 20px; padding-left: 20px;">
		<input type="button" style="width:100px; height:28px" value="Refresh" onclick="location.reload()" />
    </div>
</body>
</html>

2026-03-06 16:39:08 : <!DOCTYPE html>
<html xmlns="http://www.w3.org/1999/xhtml">
<head>
    <title></title>
</head>
<body>
	<div style="margin-left:16px;">
		<h1>SkyNet Framework</h1> 
		<h2>BadRequest / RequestTimeout</h2>
		<div style="margin-top:30px;">
			<h4>Resource:&nbsp;logo - The response cannot be cleared, it has already started sending.</h4>
		</div>
    </div>
	<div style="padding-top: 20px; padding-left: 20px;">
		<input type="button" style="width:100px; height:28px" value="Refresh" onclick="location.reload()" />
    </div>
</body>
</html>

2026-03-06 16:39:08 : <!DOCTYPE html>
<html xmlns="http://www.w3.org/1999/xhtml">
<head>
    <title></title>
</head>
<body>
	<div style="margin-left:16px;">
		<h1>SkyNet Framework</h1> 
		<h2>BadRequest / RequestTimeout</h2>
		<div style="margin-top:30px;">
			<h4>Resource:&nbsp;img_fakeuser - The response cannot be cleared, it has already started sending.</h4>
		</div>
    </div>
	<div style="padding-top: 20px; padding-left: 20px;">
		<input type="button" style="width:100px; height:28px" value="Refresh" onclick="location.reload()" />
    </div>
</body>
</html>

2026-03-06 16:39:09 : <!DOCTYPE html>
<html xmlns="http://www.w3.org/1999/xhtml">
<head>
    <title></title>
</head>
<body>
	<div style="margin-left:16px;">
		<h1>SkyNet Framework</h1> 
		<h2>BadRequest / RequestTimeout</h2>
		<div style="margin-top:30px;">
			<h4>Resource:&nbsp;ani_wait - The response cannot be cleared, it has already started sending.</h4>
		</div>
    </div>
	<div style="padding-top: 20px; padding-left: 20px;">
		<input type="button" style="width:100px; height:28px" value="Refresh" onclick="location.reload()" />
    </div>
</body>
</html>

2026-03-06 16:39:09 : <!DOCTYPE html>
<html xmlns="http://www.w3.org/1999/xhtml">
<head>
    <title></title>
</head>
<body>
	<div style="margin-left:16px;">
		<h1>SkyNet Framework</h1> 
		<h2>BadRequest / RequestTimeout</h2>
		<div style="margin-top:30px;">
			<h4>Resource:&nbsp;excel - The response cannot be cleared, it has already started sending.</h4>
		</div>
    </div>
	<div style="padding-top: 20px; padding-left: 20px;">
		<input type="button" style="width:100px; height:28px" value="Refresh" onclick="location.reload()" />
    </div>
</body>
</html>

2026-03-06 16:39:09 : <!DOCTYPE html>
<html xmlns="http://www.w3.org/1999/xhtml">
<head>
    <title></title>
</head>
<body>
	<div style="margin-left:16px;">
		<h1>SkyNet Framework</h1> 
		<h2>BadRequest / RequestTimeout</h2>
		<div style="margin-top:30px;">
			<h4>Resource:&nbsp;search - The response cannot be cleared, it has already started sending.</h4>
		</div>
    </div>
	<div style="padding-top: 20px; padding-left: 20px;">
		<input type="button" style="width:100px; height:28px" value="Refresh" onclick="location.reload()" />
    </div>
</body>
</html>

2026-03-06 17:19:28 : <!DOCTYPE html>
<html xmlns="http://www.w3.org/1999/xhtml">
<head>
    <title></title>
</head>
<body>
	<div style="margin-left:16px;">
		<h1>SkyNet Framework</h1> 
		<h2>BadRequest / RequestTimeout</h2>
		<div style="margin-top:30px;">
			<h4>Resource:&nbsp;WebScript - The response cannot be cleared, it has already started sending.</h4>
		</div>
    </div>
	<div style="padding-top: 20px; padding-left: 20px;">
		<input type="button" style="width:100px; height:28px" value="Refresh" onclick="location.reload()" />
    </div>
</body>
</html>

2026-03-06 17:19:28 : <!DOCTYPE html>
<html xmlns="http://www.w3.org/1999/xhtml">
<head>
    <title></title>
</head>
<body>
	<div style="margin-left:16px;">
		<h1>SkyNet Framework</h1> 
		<h2>BadRequest / RequestTimeout</h2>
		<div style="margin-top:30px;">
			<h4>Resource:&nbsp;WebStyle - The response cannot be cleared, it has already started sending.</h4>
		</div>
    </div>
	<div style="padding-top: 20px; padding-left: 20px;">
		<input type="button" style="width:100px; height:28px" value="Refresh" onclick="location.reload()" />
    </div>
</body>
</html>

2026-03-06 17:19:29 : <!DOCTYPE html>
<html xmlns="http://www.w3.org/1999/xhtml">
<head>
    <title></title>
</head>
<body>
	<div style="margin-left:16px;">
		<h1>SkyNet Framework</h1> 
		<h2>BadRequest / RequestTimeout</h2>
		<div style="margin-top:30px;">
			<h4>Resource:&nbsp;logo - The response cannot be cleared, it has already started sending.</h4>
		</div>
    </div>
	<div style="padding-top: 20px; padding-left: 20px;">
		<input type="button" style="width:100px; height:28px" value="Refresh" onclick="location.reload()" />
    </div>
</body>
</html>

2026-03-06 17:19:29 : <!DOCTYPE html>
<html xmlns="http://www.w3.org/1999/xhtml">
<head>
    <title></title>
</head>
<body>
	<div style="margin-left:16px;">
		<h1>SkyNet Framework</h1> 
		<h2>BadRequest / RequestTimeout</h2>
		<div style="margin-top:30px;">
			<h4>Resource:&nbsp;img_fakeuser - The response cannot be cleared, it has already started sending.</h4>
		</div>
    </div>
	<div style="padding-top: 20px; padding-left: 20px;">
		<input type="button" style="width:100px; height:28px" value="Refresh" onclick="location.reload()" />
    </div>
</body>
</html>

2026-03-06 17:19:29 : <!DOCTYPE html>
<html xmlns="http://www.w3.org/1999/xhtml">
<head>
    <title></title>
</head>
<body>
	<div style="margin-left:16px;">
		<h1>SkyNet Framework</h1> 
		<h2>BadRequest / RequestTimeout</h2>
		<div style="margin-top:30px;">
			<h4>Resource:&nbsp;img_home - The response cannot be cleared, it has already started sending.</h4>
		</div>
    </div>
	<div style="padding-top: 20px; padding-left: 20px;">
		<input type="button" style="width:100px; height:28px" value="Refresh" onclick="location.reload()" />
    </div>
</body>
</html>

2026-03-06 17:20:21 : <!DOCTYPE html>
<html xmlns="http://www.w3.org/1999/xhtml">
<head>
    <title></title>
</head>
<body>
	<div style="margin-left:16px;">
		<h1>SkyNet Framework</h1> 
		<h2>BadRequest / RequestTimeout</h2>
		<div style="margin-top:30px;">
			<h4>Resource:&nbsp;ani_wait - The response cannot be cleared, it has already started sending.</h4>
		</div>
    </div>
	<div style="padding-top: 20px; padding-left: 20px;">
		<input type="button" style="width:100px; height:28px" value="Refresh" onclick="location.reload()" />
    </div>
</body>
</html>

2026-03-06 17:20:23 : <!DOCTYPE html>
<html xmlns="http://www.w3.org/1999/xhtml">
<head>
    <title></title>
</head>
<body>
	<div style="margin-left:16px;">
		<h1>SkyNet Framework</h1> 
		<h2>BadRequest / RequestTimeout</h2>
		<div style="margin-top:30px;">
			<h4>Resource:&nbsp;WebScript - The response cannot be cleared, it has already started sending.</h4>
		</div>
    </div>
	<div style="padding-top: 20px; padding-left: 20px;">
		<input type="button" style="width:100px; height:28px" value="Refresh" onclick="location.reload()" />
    </div>
</body>
</html>

2026-03-06 17:20:23 : <!DOCTYPE html>
<html xmlns="http://www.w3.org/1999/xhtml">
<head>
    <title></title>
</head>
<body>
	<div style="margin-left:16px;">
		<h1>SkyNet Framework</h1> 
		<h2>BadRequest / RequestTimeout</h2>
		<div style="margin-top:30px;">
			<h4>Resource:&nbsp;WebStyle - The response cannot be cleared, it has already started sending.</h4>
		</div>
    </div>
	<div style="padding-top: 20px; padding-left: 20px;">
		<input type="button" style="width:100px; height:28px" value="Refresh" onclick="location.reload()" />
    </div>
</body>
</html>

2026-03-06 17:20:23 : <!DOCTYPE html>
<html xmlns="http://www.w3.org/1999/xhtml">
<head>
    <title></title>
</head>
<body>
	<div style="margin-left:16px;">
		<h1>SkyNet Framework</h1> 
		<h2>BadRequest / RequestTimeout</h2>
		<div style="margin-top:30px;">
			<h4>Resource:&nbsp;logo - The response cannot be cleared, it has already started sending.</h4>
		</div>
    </div>
	<div style="padding-top: 20px; padding-left: 20px;">
		<input type="button" style="width:100px; height:28px" value="Refresh" onclick="location.reload()" />
    </div>
</body>
</html>

2026-03-06 17:20:24 : <!DOCTYPE html>
<html xmlns="http://www.w3.org/1999/xhtml">
<head>
    <title></title>
</head>
<body>
	<div style="margin-left:16px;">
		<h1>SkyNet Framework</h1> 
		<h2>BadRequest / RequestTimeout</h2>
		<div style="margin-top:30px;">
			<h4>Resource:&nbsp;excel - The response cannot be cleared, it has already started sending.</h4>
		</div>
    </div>
	<div style="padding-top: 20px; padding-left: 20px;">
		<input type="button" style="width:100px; height:28px" value="Refresh" onclick="location.reload()" />
    </div>
</body>
</html>

2026-03-06 17:20:24 : <!DOCTYPE html>
<html xmlns="http://www.w3.org/1999/xhtml">
<head>
    <title></title>
</head>
<body>
	<div style="margin-left:16px;">
		<h1>SkyNet Framework</h1> 
		<h2>BadRequest / RequestTimeout</h2>
		<div style="margin-top:30px;">
			<h4>Resource:&nbsp;search - The response cannot be cleared, it has already started sending.</h4>
		</div>
    </div>
	<div style="padding-top: 20px; padding-left: 20px;">
		<input type="button" style="width:100px; height:28px" value="Refresh" onclick="location.reload()" />
    </div>
</body>
</html>

2026-03-06 17:20:25 : <!DOCTYPE html>
<html xmlns="http://www.w3.org/1999/xhtml">
<head>
    <title></title>
</head>
<body>
	<div style="margin-left:16px;">
		<h1>SkyNet Framework</h1> 
		<h2>BadRequest / RequestTimeout</h2>
		<div style="margin-top:30px;">
			<h4>Resource:&nbsp;ani_wait - The response cannot be cleared, it has already started sending.</h4>
		</div>
    </div>
	<div style="padding-top: 20px; padding-left: 20px;">
		<input type="button" style="width:100px; height:28px" value="Refresh" onclick="location.reload()" />
    </div>
</body>
</html>

2026-03-06 18:21:37 : <!DOCTYPE html>
<html xmlns="http://www.w3.org/1999/xhtml">
<head>
    <title></title>
</head>
<body>
	<div style="margin-left:16px;">
		<h1>SkyNet Framework</h1> 
		<h2>BadRequest / RequestTimeout</h2>
		<div style="margin-top:30px;">
			<h4>Resource:&nbsp;WebScript - The response cannot be cleared, it has already started sending.</h4>
		</div>
    </div>
	<div style="padding-top: 20px; padding-left: 20px;">
		<input type="button" style="width:100px; height:28px" value="Refresh" onclick="location.reload()" />
    </div>
</body>
</html>

2026-03-06 18:21:38 : <!DOCTYPE html>
<html xmlns="http://www.w3.org/1999/xhtml">
<head>
    <title></title>
</head>
<body>
	<div style="margin-left:16px;">
		<h1>SkyNet Framework</h1> 
		<h2>BadRequest / RequestTimeout</h2>
		<div style="margin-top:30px;">
			<h4>Resource:&nbsp;WebStyle - The response cannot be cleared, it has already started sending.</h4>
		</div>
    </div>
	<div style="padding-top: 20px; padding-left: 20px;">
		<input type="button" style="width:100px; height:28px" value="Refresh" onclick="location.reload()" />
    </div>
</body>
</html>

2026-03-06 18:21:38 : <!DOCTYPE html>
<html xmlns="http://www.w3.org/1999/xhtml">
<head>
    <title></title>
</head>
<body>
	<div style="margin-left:16px;">
		<h1>SkyNet Framework</h1> 
		<h2>BadRequest / RequestTimeout</h2>
		<div style="margin-top:30px;">
			<h4>Resource:&nbsp;img_fakeuser - The response cannot be cleared, it has already started sending.</h4>
		</div>
    </div>
	<div style="padding-top: 20px; padding-left: 20px;">
		<input type="button" style="width:100px; height:28px" value="Refresh" onclick="location.reload()" />
    </div>
</body>
</html>

2026-03-06 18:21:38 : <!DOCTYPE html>
<html xmlns="http://www.w3.org/1999/xhtml">
<head>
    <title></title>
</head>
<body>
	<div style="margin-left:16px;">
		<h1>SkyNet Framework</h1> 
		<h2>BadRequest / RequestTimeout</h2>
		<div style="margin-top:30px;">
			<h4>Resource:&nbsp;logo - The response cannot be cleared, it has already started sending.</h4>
		</div>
    </div>
	<div style="padding-top: 20px; padding-left: 20px;">
		<input type="button" style="width:100px; height:28px" value="Refresh" onclick="location.reload()" />
    </div>
</body>
</html>

2026-03-06 18:21:39 : <!DOCTYPE html>
<html xmlns="http://www.w3.org/1999/xhtml">
<head>
    <title></title>
</head>
<body>
	<div style="margin-left:16px;">
		<h1>SkyNet Framework</h1> 
		<h2>BadRequest / RequestTimeout</h2>
		<div style="margin-top:30px;">
			<h4>Resource:&nbsp;img_home - The response cannot be cleared, it has already started sending.</h4>
		</div>
    </div>
	<div style="padding-top: 20px; padding-left: 20px;">
		<input type="button" style="width:100px; height:28px" value="Refresh" onclick="location.reload()" />
    </div>
</body>
</html>

2026-03-06 18:21:58 : <!DOCTYPE html>
<html xmlns="http://www.w3.org/1999/xhtml">
<head>
    <title></title>
</head>
<body>
	<div style="margin-left:16px;">
		<h1>SkyNet Framework</h1> 
		<h2>BadRequest / RequestTimeout</h2>
		<div style="margin-top:30px;">
			<h4>Resource:&nbsp;ani_wait - The response cannot be cleared, it has already started sending.</h4>
		</div>
    </div>
	<div style="padding-top: 20px; padding-left: 20px;">
		<input type="button" style="width:100px; height:28px" value="Refresh" onclick="location.reload()" />
    </div>
</body>
</html>

2026-03-06 18:21:59 : <!DOCTYPE html>
<html xmlns="http://www.w3.org/1999/xhtml">
<head>
    <title></title>
</head>
<body>
	<div style="margin-left:16px;">
		<h1>SkyNet Framework</h1> 
		<h2>BadRequest / RequestTimeout</h2>
		<div style="margin-top:30px;">
			<h4>Resource:&nbsp;WebScript - The response cannot be cleared, it has already started sending.</h4>
		</div>
    </div>
	<div style="padding-top: 20px; padding-left: 20px;">
		<input type="button" style="width:100px; height:28px" value="Refresh" onclick="location.reload()" />
    </div>
</body>
</html>

2026-03-06 18:21:59 : <!DOCTYPE html>
<html xmlns="http://www.w3.org/1999/xhtml">
<head>
    <title></title>
</head>
<body>
	<div style="margin-left:16px;">
		<h1>SkyNet Framework</h1> 
		<h2>BadRequest / RequestTimeout</h2>
		<div style="margin-top:30px;">
			<h4>Resource:&nbsp;WebStyle - The response cannot be cleared, it has already started sending.</h4>
		</div>
    </div>
	<div style="padding-top: 20px; padding-left: 20px;">
		<input type="button" style="width:100px; height:28px" value="Refresh" onclick="location.reload()" />
    </div>
</body>
</html>

2026-03-06 18:21:59 : <!DOCTYPE html>
<html xmlns="http://www.w3.org/1999/xhtml">
<head>
    <title></title>
</head>
<body>
	<div style="margin-left:16px;">
		<h1>SkyNet Framework</h1> 
		<h2>BadRequest / RequestTimeout</h2>
		<div style="margin-top:30px;">
			<h4>Resource:&nbsp;logo - The response cannot be cleared, it has already started sending.</h4>
		</div>
    </div>
	<div style="padding-top: 20px; padding-left: 20px;">
		<input type="button" style="width:100px; height:28px" value="Refresh" onclick="location.reload()" />
    </div>
</body>
</html>

2026-03-06 18:21:59 : <!DOCTYPE html>
<html xmlns="http://www.w3.org/1999/xhtml">
<head>
    <title></title>
</head>
<body>
	<div style="margin-left:16px;">
		<h1>SkyNet Framework</h1> 
		<h2>BadRequest / RequestTimeout</h2>
		<div style="margin-top:30px;">
			<h4>Resource:&nbsp;img_fakeuser - The response cannot be cleared, it has already started sending.</h4>
		</div>
    </div>
	<div style="padding-top: 20px; padding-left: 20px;">
		<input type="button" style="width:100px; height:28px" value="Refresh" onclick="location.reload()" />
    </div>
</body>
</html>

2026-03-06 18:22:00 : <!DOCTYPE html>
<html xmlns="http://www.w3.org/1999/xhtml">
<head>
    <title></title>
</head>
<body>
	<div style="margin-left:16px;">
		<h1>SkyNet Framework</h1> 
		<h2>BadRequest / RequestTimeout</h2>
		<div style="margin-top:30px;">
			<h4>Resource:&nbsp;ani_wait - The response cannot be cleared, it has already started sending.</h4>
		</div>
    </div>
	<div style="padding-top: 20px; padding-left: 20px;">
		<input type="button" style="width:100px; height:28px" value="Refresh" onclick="location.reload()" />
    </div>
</body>
</html>

2026-03-06 18:22:01 : <!DOCTYPE html>
<html xmlns="http://www.w3.org/1999/xhtml">
<head>
    <title></title>
</head>
<body>
	<div style="margin-left:16px;">
		<h1>SkyNet Framework</h1> 
		<h2>BadRequest / RequestTimeout</h2>
		<div style="margin-top:30px;">
			<h4>Resource:&nbsp;excel - The response cannot be cleared, it has already started sending.</h4>
		</div>
    </div>
	<div style="padding-top: 20px; padding-left: 20px;">
		<input type="button" style="width:100px; height:28px" value="Refresh" onclick="location.reload()" />
    </div>
</body>
</html>

2026-03-06 18:22:01 : <!DOCTYPE html>
<html xmlns="http://www.w3.org/1999/xhtml">
<head>
    <title></title>
</head>
<body>
	<div style="margin-left:16px;">
		<h1>SkyNet Framework</h1> 
		<h2>BadRequest / RequestTimeout</h2>
		<div style="margin-top:30px;">
			<h4>Resource:&nbsp;search - The response cannot be cleared, it has already started sending.</h4>
		</div>
    </div>
	<div style="padding-top: 20px; padding-left: 20px;">
		<input type="button" style="width:100px; height:28px" value="Refresh" onclick="location.reload()" />
    </div>
</body>
</html>

2026-03-06 18:22:06 : <!DOCTYPE html>
<html xmlns="http://www.w3.org/1999/xhtml">
<head>
    <title></title>
</head>
<body>
	<div style="margin-left:16px;">
		<h1>SkyNet Framework</h1> 
		<h2>BadRequest / RequestTimeout</h2>
		<div style="margin-top:30px;">
			<h4>Resource:&nbsp;ani_wait - The response cannot be cleared, it has already started sending.</h4>
		</div>
    </div>
	<div style="padding-top: 20px; padding-left: 20px;">
		<input type="button" style="width:100px; height:28px" value="Refresh" onclick="location.reload()" />
    </div>
</body>
</html>

2026-03-06 18:22:08 : <!DOCTYPE html>
<html xmlns="http://www.w3.org/1999/xhtml">
<head>
    <title></title>
</head>
<body>
	<div style="margin-left:16px;">
		<h1>SkyNet Framework</h1> 
		<h2>BadRequest / RequestTimeout</h2>
		<div style="margin-top:30px;">
			<h4>Resource:&nbsp;excel - The response cannot be cleared, it has already started sending.</h4>
		</div>
    </div>
	<div style="padding-top: 20px; padding-left: 20px;">
		<input type="button" style="width:100px; height:28px" value="Refresh" onclick="location.reload()" />
    </div>
</body>
</html>

2026-03-06 18:22:09 : <!DOCTYPE html>
<html xmlns="http://www.w3.org/1999/xhtml">
<head>
    <title></title>
</head>
<body>
	<div style="margin-left:16px;">
		<h1>SkyNet Framework</h1> 
		<h2>BadRequest / RequestTimeout</h2>
		<div style="margin-top:30px;">
			<h4>Resource:&nbsp;WebScript - The response cannot be cleared, it has already started sending.</h4>
		</div>
    </div>
	<div style="padding-top: 20px; padding-left: 20px;">
		<input type="button" style="width:100px; height:28px" value="Refresh" onclick="location.reload()" />
    </div>
</body>
</html>

2026-03-06 18:22:09 : <!DOCTYPE html>
<html xmlns="http://www.w3.org/1999/xhtml">
<head>
    <title></title>
</head>
<body>
	<div style="margin-left:16px;">
		<h1>SkyNet Framework</h1> 
		<h2>BadRequest / RequestTimeout</h2>
		<div style="margin-top:30px;">
			<h4>Resource:&nbsp;WebStyle - The response cannot be cleared, it has already started sending.</h4>
		</div>
    </div>
	<div style="padding-top: 20px; padding-left: 20px;">
		<input type="button" style="width:100px; height:28px" value="Refresh" onclick="location.reload()" />
    </div>
</body>
</html>

2026-03-06 18:22:10 : <!DOCTYPE html>
<html xmlns="http://www.w3.org/1999/xhtml">
<head>
    <title></title>
</head>
<body>
	<div style="margin-left:16px;">
		<h1>SkyNet Framework</h1> 
		<h2>BadRequest / RequestTimeout</h2>
		<div style="margin-top:30px;">
			<h4>Resource:&nbsp;img_fakeuser - The response cannot be cleared, it has already started sending.</h4>
		</div>
    </div>
	<div style="padding-top: 20px; padding-left: 20px;">
		<input type="button" style="width:100px; height:28px" value="Refresh" onclick="location.reload()" />
    </div>
</body>
</html>

2026-03-06 18:22:10 : <!DOCTYPE html>
<html xmlns="http://www.w3.org/1999/xhtml">
<head>
    <title></title>
</head>
<body>
	<div style="margin-left:16px;">
		<h1>SkyNet Framework</h1> 
		<h2>BadRequest / RequestTimeout</h2>
		<div style="margin-top:30px;">
			<h4>Resource:&nbsp;logo - The response cannot be cleared, it has already started sending.</h4>
		</div>
    </div>
	<div style="padding-top: 20px; padding-left: 20px;">
		<input type="button" style="width:100px; height:28px" value="Refresh" onclick="location.reload()" />
    </div>
</body>
</html>

2026-03-06 18:22:10 : <!DOCTYPE html>
<html xmlns="http://www.w3.org/1999/xhtml">
<head>
    <title></title>
</head>
<body>
	<div style="margin-left:16px;">
		<h1>SkyNet Framework</h1> 
		<h2>BadRequest / RequestTimeout</h2>
		<div style="margin-top:30px;">
			<h4>Resource:&nbsp;img_home - The response cannot be cleared, it has already started sending.</h4>
		</div>
    </div>
	<div style="padding-top: 20px; padding-left: 20px;">
		<input type="button" style="width:100px; height:28px" value="Refresh" onclick="location.reload()" />
    </div>
</body>
</html>

2026-03-06 18:28:42 : <!DOCTYPE html>
<html xmlns="http://www.w3.org/1999/xhtml">
<head>
    <title></title>
</head>
<body>
	<div style="margin-left:16px;">
		<h1>SkyNet Framework</h1> 
		<h2>BadRequest / RequestTimeout</h2>
		<div style="margin-top:30px;">
			<h4>Resource:&nbsp;WebScript - The response cannot be cleared, it has already started sending.</h4>
		</div>
    </div>
	<div style="padding-top: 20px; padding-left: 20px;">
		<input type="button" style="width:100px; height:28px" value="Refresh" onclick="location.reload()" />
    </div>
</body>
</html>

2026-03-06 18:28:42 : <!DOCTYPE html>
<html xmlns="http://www.w3.org/1999/xhtml">
<head>
    <title></title>
</head>
<body>
	<div style="margin-left:16px;">
		<h1>SkyNet Framework</h1> 
		<h2>BadRequest / RequestTimeout</h2>
		<div style="margin-top:30px;">
			<h4>Resource:&nbsp;WebStyle - The response cannot be cleared, it has already started sending.</h4>
		</div>
    </div>
	<div style="padding-top: 20px; padding-left: 20px;">
		<input type="button" style="width:100px; height:28px" value="Refresh" onclick="location.reload()" />
    </div>
</body>
</html>

2026-03-06 18:28:42 : <!DOCTYPE html>
<html xmlns="http://www.w3.org/1999/xhtml">
<head>
    <title></title>
</head>
<body>
	<div style="margin-left:16px;">
		<h1>SkyNet Framework</h1> 
		<h2>BadRequest / RequestTimeout</h2>
		<div style="margin-top:30px;">
			<h4>Resource:&nbsp;logo - The response cannot be cleared, it has already started sending.</h4>
		</div>
    </div>
	<div style="padding-top: 20px; padding-left: 20px;">
		<input type="button" style="width:100px; height:28px" value="Refresh" onclick="location.reload()" />
    </div>
</body>
</html>

2026-03-06 18:28:42 : <!DOCTYPE html>
<html xmlns="http://www.w3.org/1999/xhtml">
<head>
    <title></title>
</head>
<body>
	<div style="margin-left:16px;">
		<h1>SkyNet Framework</h1> 
		<h2>BadRequest / RequestTimeout</h2>
		<div style="margin-top:30px;">
			<h4>Resource:&nbsp;img_fakeuser - The response cannot be cleared, it has already started sending.</h4>
		</div>
    </div>
	<div style="padding-top: 20px; padding-left: 20px;">
		<input type="button" style="width:100px; height:28px" value="Refresh" onclick="location.reload()" />
    </div>
</body>
</html>

2026-03-06 18:28:42 : <!DOCTYPE html>
<html xmlns="http://www.w3.org/1999/xhtml">
<head>
    <title></title>
</head>
<body>
	<div style="margin-left:16px;">
		<h1>SkyNet Framework</h1> 
		<h2>BadRequest / RequestTimeout</h2>
		<div style="margin-top:30px;">
			<h4>Resource:&nbsp;img_home - The response cannot be cleared, it has already started sending.</h4>
		</div>
    </div>
	<div style="padding-top: 20px; padding-left: 20px;">
		<input type="button" style="width:100px; height:28px" value="Refresh" onclick="location.reload()" />
    </div>
</body>
</html>

2026-03-06 18:29:19 : <!DOCTYPE html>
<html xmlns="http://www.w3.org/1999/xhtml">
<head>
    <title></title>
</head>
<body>
	<div style="margin-left:16px;">
		<h1>SkyNet Framework</h1> 
		<h2>BadRequest / RequestTimeout</h2>
		<div style="margin-top:30px;">
			<h4>Resource:&nbsp;ani_wait - The response cannot be cleared, it has already started sending.</h4>
		</div>
    </div>
	<div style="padding-top: 20px; padding-left: 20px;">
		<input type="button" style="width:100px; height:28px" value="Refresh" onclick="location.reload()" />
    </div>
</body>
</html>

2026-03-06 18:29:19 : <!DOCTYPE html>
<html xmlns="http://www.w3.org/1999/xhtml">
<head>
    <title></title>
</head>
<body>
	<div style="margin-left:16px;">
		<h1>SkyNet Framework</h1> 
		<h2>BadRequest / RequestTimeout</h2>
		<div style="margin-top:30px;">
			<h4>Resource:&nbsp;WebScript - The response cannot be cleared, it has already started sending.</h4>
		</div>
    </div>
	<div style="padding-top: 20px; padding-left: 20px;">
		<input type="button" style="width:100px; height:28px" value="Refresh" onclick="location.reload()" />
    </div>
</body>
</html>

2026-03-06 18:29:20 : <!DOCTYPE html>
<html xmlns="http://www.w3.org/1999/xhtml">
<head>
    <title></title>
</head>
<body>
	<div style="margin-left:16px;">
		<h1>SkyNet Framework</h1> 
		<h2>BadRequest / RequestTimeout</h2>
		<div style="margin-top:30px;">
			<h4>Resource:&nbsp;WebStyle - The response cannot be cleared, it has already started sending.</h4>
		</div>
    </div>
	<div style="padding-top: 20px; padding-left: 20px;">
		<input type="button" style="width:100px; height:28px" value="Refresh" onclick="location.reload()" />
    </div>
</body>
</html>

2026-03-06 18:29:20 : <!DOCTYPE html>
<html xmlns="http://www.w3.org/1999/xhtml">
<head>
    <title></title>
</head>
<body>
	<div style="margin-left:16px;">
		<h1>SkyNet Framework</h1> 
		<h2>BadRequest / RequestTimeout</h2>
		<div style="margin-top:30px;">
			<h4>Resource:&nbsp;img_fakeuser - The response cannot be cleared, it has already started sending.</h4>
		</div>
    </div>
	<div style="padding-top: 20px; padding-left: 20px;">
		<input type="button" style="width:100px; height:28px" value="Refresh" onclick="location.reload()" />
    </div>
</body>
</html>

2026-03-06 18:29:20 : <!DOCTYPE html>
<html xmlns="http://www.w3.org/1999/xhtml">
<head>
    <title></title>
</head>
<body>
	<div style="margin-left:16px;">
		<h1>SkyNet Framework</h1> 
		<h2>BadRequest / RequestTimeout</h2>
		<div style="margin-top:30px;">
			<h4>Resource:&nbsp;logo - The response cannot be cleared, it has already started sending.</h4>
		</div>
    </div>
	<div style="padding-top: 20px; padding-left: 20px;">
		<input type="button" style="width:100px; height:28px" value="Refresh" onclick="location.reload()" />
    </div>
</body>
</html>

2026-03-06 18:29:20 : <!DOCTYPE html>
<html xmlns="http://www.w3.org/1999/xhtml">
<head>
    <title></title>
</head>
<body>
	<div style="margin-left:16px;">
		<h1>SkyNet Framework</h1> 
		<h2>BadRequest / RequestTimeout</h2>
		<div style="margin-top:30px;">
			<h4>Resource:&nbsp;ani_wait - The response cannot be cleared, it has already started sending.</h4>
		</div>
    </div>
	<div style="padding-top: 20px; padding-left: 20px;">
		<input type="button" style="width:100px; height:28px" value="Refresh" onclick="location.reload()" />
    </div>
</body>
</html>

2026-03-06 18:29:21 : <!DOCTYPE html>
<html xmlns="http://www.w3.org/1999/xhtml">
<head>
    <title></title>
</head>
<body>
	<div style="margin-left:16px;">
		<h1>SkyNet Framework</h1> 
		<h2>BadRequest / RequestTimeout</h2>
		<div style="margin-top:30px;">
			<h4>Resource:&nbsp;excel - The response cannot be cleared, it has already started sending.</h4>
		</div>
    </div>
	<div style="padding-top: 20px; padding-left: 20px;">
		<input type="button" style="width:100px; height:28px" value="Refresh" onclick="location.reload()" />
    </div>
</body>
</html>

2026-03-06 18:29:22 : <!DOCTYPE html>
<html xmlns="http://www.w3.org/1999/xhtml">
<head>
    <title></title>
</head>
<body>
	<div style="margin-left:16px;">
		<h1>SkyNet Framework</h1> 
		<h2>BadRequest / RequestTimeout</h2>
		<div style="margin-top:30px;">
			<h4>Resource:&nbsp;search - The response cannot be cleared, it has already started sending.</h4>
		</div>
    </div>
	<div style="padding-top: 20px; padding-left: 20px;">
		<input type="button" style="width:100px; height:28px" value="Refresh" onclick="location.reload()" />
    </div>
</body>
</html>

2026-03-06 22:02:44 : <!DOCTYPE html>
<html xmlns="http://www.w3.org/1999/xhtml">
<head>
    <title></title>
</head>
<body>
	<div style="margin-left:16px;">
		<h1>SkyNet Framework</h1> 
		<h2>BadRequest / RequestTimeout</h2>
		<div style="margin-top:30px;">
			<h4>Resource:&nbsp;WebScript - The response cannot be cleared, it has already started sending.</h4>
		</div>
    </div>
	<div style="padding-top: 20px; padding-left: 20px;">
		<input type="button" style="width:100px; height:28px" value="Refresh" onclick="location.reload()" />
    </div>
</body>
</html>

2026-03-06 22:02:44 : <!DOCTYPE html>
<html xmlns="http://www.w3.org/1999/xhtml">
<head>
    <title></title>
</head>
<body>
	<div style="margin-left:16px;">
		<h1>SkyNet Framework</h1> 
		<h2>BadRequest / RequestTimeout</h2>
		<div style="margin-top:30px;">
			<h4>Resource:&nbsp;WebStyle - The response cannot be cleared, it has already started sending.</h4>
		</div>
    </div>
	<div style="padding-top: 20px; padding-left: 20px;">
		<input type="button" style="width:100px; height:28px" value="Refresh" onclick="location.reload()" />
    </div>
</body>
</html>

2026-03-06 22:02:45 : <!DOCTYPE html>
<html xmlns="http://www.w3.org/1999/xhtml">
<head>
    <title></title>
</head>
<body>
	<div style="margin-left:16px;">
		<h1>SkyNet Framework</h1> 
		<h2>BadRequest / RequestTimeout</h2>
		<div style="margin-top:30px;">
			<h4>Resource:&nbsp;logo - The response cannot be cleared, it has already started sending.</h4>
		</div>
    </div>
	<div style="padding-top: 20px; padding-left: 20px;">
		<input type="button" style="width:100px; height:28px" value="Refresh" onclick="location.reload()" />
    </div>
</body>
</html>

2026-03-06 22:02:45 : <!DOCTYPE html>
<html xmlns="http://www.w3.org/1999/xhtml">
<head>
    <title></title>
</head>
<body>
	<div style="margin-left:16px;">
		<h1>SkyNet Framework</h1> 
		<h2>BadRequest / RequestTimeout</h2>
		<div style="margin-top:30px;">
			<h4>Resource:&nbsp;img_fakeuser - The response cannot be cleared, it has already started sending.</h4>
		</div>
    </div>
	<div style="padding-top: 20px; padding-left: 20px;">
		<input type="button" style="width:100px; height:28px" value="Refresh" onclick="location.reload()" />
    </div>
</body>
</html>

2026-03-06 22:02:45 : <!DOCTYPE html>
<html xmlns="http://www.w3.org/1999/xhtml">
<head>
    <title></title>
</head>
<body>
	<div style="margin-left:16px;">
		<h1>SkyNet Framework</h1> 
		<h2>BadRequest / RequestTimeout</h2>
		<div style="margin-top:30px;">
			<h4>Resource:&nbsp;img_home - The response cannot be cleared, it has already started sending.</h4>
		</div>
    </div>
	<div style="padding-top: 20px; padding-left: 20px;">
		<input type="button" style="width:100px; height:28px" value="Refresh" onclick="location.reload()" />
    </div>
</body>
</html>

2026-03-06 22:11:21 : <!DOCTYPE html>
<html xmlns="http://www.w3.org/1999/xhtml">
<head>
    <title></title>
</head>
<body>
	<div style="margin-left:16px;">
		<h1>SkyNet Framework</h1> 
		<h2>BadRequest / RequestTimeout</h2>
		<div style="margin-top:30px;">
			<h4>Resource:&nbsp;ani_wait - The response cannot be cleared, it has already started sending.</h4>
		</div>
    </div>
	<div style="padding-top: 20px; padding-left: 20px;">
		<input type="button" style="width:100px; height:28px" value="Refresh" onclick="location.reload()" />
    </div>
</body>
</html>

2026-03-06 22:11:21 : <!DOCTYPE html>
<html xmlns="http://www.w3.org/1999/xhtml">
<head>
    <title></title>
</head>
<body>
	<div style="margin-left:16px;">
		<h1>SkyNet Framework</h1> 
		<h2>BadRequest / RequestTimeout</h2>
		<div style="margin-top:30px;">
			<h4>Resource:&nbsp;5Bx9nNNZcefhD9BwTIvvzEZVp5y4CPjS=== - RequestTimeout (Please close and reopen your browser window and retry.)</h4>
		</div>
    </div>
	<div style="padding-top: 20px; padding-left: 20px;">
		<input type="button" style="width:100px; height:28px" value="Refresh" onclick="location.reload()" />
    </div>
</body>
</html>

2026-03-06 22:11:24 : <!DOCTYPE html>
<html xmlns="http://www.w3.org/1999/xhtml">
<head>
    <title></title>
</head>
<body>
	<div style="margin-left:16px;">
		<h1>SkyNet Framework</h1> 
		<h2>BadRequest / RequestTimeout</h2>
		<div style="margin-top:30px;">
			<h4>Resource:&nbsp;WebScript - The response cannot be cleared, it has already started sending.</h4>
		</div>
    </div>
	<div style="padding-top: 20px; padding-left: 20px;">
		<input type="button" style="width:100px; height:28px" value="Refresh" onclick="location.reload()" />
    </div>
</body>
</html>

2026-03-06 22:11:24 : <!DOCTYPE html>
<html xmlns="http://www.w3.org/1999/xhtml">
<head>
    <title></title>
</head>
<body>
	<div style="margin-left:16px;">
		<h1>SkyNet Framework</h1> 
		<h2>BadRequest / RequestTimeout</h2>
		<div style="margin-top:30px;">
			<h4>Resource:&nbsp;WebStyle - The response cannot be cleared, it has already started sending.</h4>
		</div>
    </div>
	<div style="padding-top: 20px; padding-left: 20px;">
		<input type="button" style="width:100px; height:28px" value="Refresh" onclick="location.reload()" />
    </div>
</body>
</html>

2026-03-06 22:11:25 : <!DOCTYPE html>
<html xmlns="http://www.w3.org/1999/xhtml">
<head>
    <title></title>
</head>
<body>
	<div style="margin-left:16px;">
		<h1>SkyNet Framework</h1> 
		<h2>BadRequest / RequestTimeout</h2>
		<div style="margin-top:30px;">
			<h4>Resource:&nbsp;logo - The response cannot be cleared, it has already started sending.</h4>
		</div>
    </div>
	<div style="padding-top: 20px; padding-left: 20px;">
		<input type="button" style="width:100px; height:28px" value="Refresh" onclick="location.reload()" />
    </div>
</body>
</html>

2026-03-06 22:11:25 : <!DOCTYPE html>
<html xmlns="http://www.w3.org/1999/xhtml">
<head>
    <title></title>
</head>
<body>
	<div style="margin-left:16px;">
		<h1>SkyNet Framework</h1> 
		<h2>BadRequest / RequestTimeout</h2>
		<div style="margin-top:30px;">
			<h4>Resource:&nbsp;img_fakeuser - The response cannot be cleared, it has already started sending.</h4>
		</div>
    </div>
	<div style="padding-top: 20px; padding-left: 20px;">
		<input type="button" style="width:100px; height:28px" value="Refresh" onclick="location.reload()" />
    </div>
</body>
</html>

2026-03-06 22:11:25 : <!DOCTYPE html>
<html xmlns="http://www.w3.org/1999/xhtml">
<head>
    <title></title>
</head>
<body>
	<div style="margin-left:16px;">
		<h1>SkyNet Framework</h1> 
		<h2>BadRequest / RequestTimeout</h2>
		<div style="margin-top:30px;">
			<h4>Resource:&nbsp;img_home - The response cannot be cleared, it has already started sending.</h4>
		</div>
    </div>
	<div style="padding-top: 20px; padding-left: 20px;">
		<input type="button" style="width:100px; height:28px" value="Refresh" onclick="location.reload()" />
    </div>
</body>
</html>

2026-03-06 22:11:27 : <!DOCTYPE html>
<html xmlns="http://www.w3.org/1999/xhtml">
<head>
    <title></title>
</head>
<body>
	<div style="margin-left:16px;">
		<h1>SkyNet Framework</h1> 
		<h2>BadRequest / RequestTimeout</h2>
		<div style="margin-top:30px;">
			<h4>Resource:&nbsp;ani_wait - The response cannot be cleared, it has already started sending.</h4>
		</div>
    </div>
	<div style="padding-top: 20px; padding-left: 20px;">
		<input type="button" style="width:100px; height:28px" value="Refresh" onclick="location.reload()" />
    </div>
</body>
</html>

2026-03-06 22:11:28 : <!DOCTYPE html>
<html xmlns="http://www.w3.org/1999/xhtml">
<head>
    <title></title>
</head>
<body>
	<div style="margin-left:16px;">
		<h1>SkyNet Framework</h1> 
		<h2>BadRequest / RequestTimeout</h2>
		<div style="margin-top:30px;">
			<h4>Resource:&nbsp;WebScript - The response cannot be cleared, it has already started sending.</h4>
		</div>
    </div>
	<div style="padding-top: 20px; padding-left: 20px;">
		<input type="button" style="width:100px; height:28px" value="Refresh" onclick="location.reload()" />
    </div>
</body>
</html>

2026-03-06 22:11:28 : <!DOCTYPE html>
<html xmlns="http://www.w3.org/1999/xhtml">
<head>
    <title></title>
</head>
<body>
	<div style="margin-left:16px;">
		<h1>SkyNet Framework</h1> 
		<h2>BadRequest / RequestTimeout</h2>
		<div style="margin-top:30px;">
			<h4>Resource:&nbsp;XysRole - The response cannot be cleared, it has already started sending.</h4>
		</div>
    </div>
	<div style="padding-top: 20px; padding-left: 20px;">
		<input type="button" style="width:100px; height:28px" value="Refresh" onclick="location.reload()" />
    </div>
</body>
</html>

2026-03-06 22:11:28 : <!DOCTYPE html>
<html xmlns="http://www.w3.org/1999/xhtml">
<head>
    <title></title>
</head>
<body>
	<div style="margin-left:16px;">
		<h1>SkyNet Framework</h1> 
		<h2>BadRequest / RequestTimeout</h2>
		<div style="margin-top:30px;">
			<h4>Resource:&nbsp;WebStyle - The response cannot be cleared, it has already started sending.</h4>
		</div>
    </div>
	<div style="padding-top: 20px; padding-left: 20px;">
		<input type="button" style="width:100px; height:28px" value="Refresh" onclick="location.reload()" />
    </div>
</body>
</html>

2026-03-06 22:11:28 : <!DOCTYPE html>
<html xmlns="http://www.w3.org/1999/xhtml">
<head>
    <title></title>
</head>
<body>
	<div style="margin-left:16px;">
		<h1>SkyNet Framework</h1> 
		<h2>BadRequest / RequestTimeout</h2>
		<div style="margin-top:30px;">
			<h4>Resource:&nbsp;logo - The response cannot be cleared, it has already started sending.</h4>
		</div>
    </div>
	<div style="padding-top: 20px; padding-left: 20px;">
		<input type="button" style="width:100px; height:28px" value="Refresh" onclick="location.reload()" />
    </div>
</body>
</html>

2026-03-06 22:11:28 : <!DOCTYPE html>
<html xmlns="http://www.w3.org/1999/xhtml">
<head>
    <title></title>
</head>
<body>
	<div style="margin-left:16px;">
		<h1>SkyNet Framework</h1> 
		<h2>BadRequest / RequestTimeout</h2>
		<div style="margin-top:30px;">
			<h4>Resource:&nbsp;role - The response cannot be cleared, it has already started sending.</h4>
		</div>
    </div>
	<div style="padding-top: 20px; padding-left: 20px;">
		<input type="button" style="width:100px; height:28px" value="Refresh" onclick="location.reload()" />
    </div>
</body>
</html>

2026-03-06 22:11:28 : <!DOCTYPE html>
<html xmlns="http://www.w3.org/1999/xhtml">
<head>
    <title></title>
</head>
<body>
	<div style="margin-left:16px;">
		<h1>SkyNet Framework</h1> 
		<h2>BadRequest / RequestTimeout</h2>
		<div style="margin-top:30px;">
			<h4>Resource:&nbsp;img_fakeuser - The response cannot be cleared, it has already started sending.</h4>
		</div>
    </div>
	<div style="padding-top: 20px; padding-left: 20px;">
		<input type="button" style="width:100px; height:28px" value="Refresh" onclick="location.reload()" />
    </div>
</body>
</html>

2026-03-06 22:11:30 : <!DOCTYPE html>
<html xmlns="http://www.w3.org/1999/xhtml">
<head>
    <title></title>
</head>
<body>
	<div style="margin-left:16px;">
		<h1>SkyNet Framework</h1> 
		<h2>BadRequest / RequestTimeout</h2>
		<div style="margin-top:30px;">
			<h4>Resource:&nbsp;ani_wait - The response cannot be cleared, it has already started sending.</h4>
		</div>
    </div>
	<div style="padding-top: 20px; padding-left: 20px;">
		<input type="button" style="width:100px; height:28px" value="Refresh" onclick="location.reload()" />
    </div>
</body>
</html>

2026-03-06 22:11:33 : <!DOCTYPE html>
<html xmlns="http://www.w3.org/1999/xhtml">
<head>
    <title></title>
</head>
<body>
	<div style="margin-left:16px;">
		<h1>SkyNet Framework</h1> 
		<h2>BadRequest / RequestTimeout</h2>
		<div style="margin-top:30px;">
			<h4>Resource:&nbsp;XysPermission - The response cannot be cleared, it has already started sending.</h4>
		</div>
    </div>
	<div style="padding-top: 20px; padding-left: 20px;">
		<input type="button" style="width:100px; height:28px" value="Refresh" onclick="location.reload()" />
    </div>
</body>
</html>

